[10/02/2021 12:58:51] [INFO] rpf2fivem

[10/02/2021 12:58:51] [INFO] ---------------

[10/02/2021 12:58:51] [INFO] Developed by Avenzey#6184 (thanks to https://github.com/vscorpio for developing the original version!)

[10/02/2021 12:58:51] [INFO] GitHub repository: https://github.com/Avenze/rpf2fivem-repository

[10/02/2021 12:58:51] [INFO] Discord support: https://discord.gg/C4e4q6g

[10/02/2021 12:58:51] [INFO] ---------------

[10/02/2021 12:58:51] [INFO] GTA5-Mods links must look like this: 

[10/02/2021 12:58:51] [INFO] https://files.gta5-mods.com/uploads/XXXCARNAMEXXXX/XXXCARNAMEXXXX.zip

[10/02/2021 12:58:51] [INFO] Links must be DIRECT link else they won't download!

[10/02/2021 01:03:44] [INFO] Found archive: D:\Projekt\C#\ytd2large\bin\Debug\input\dlc.rar

[10/02/2021 01:03:44] [INFO] [Worker] Setting up basic enviroment...

[10/02/2021 01:03:44] [INFO] [Worker] Setting up basic enviroment...

[10/02/2021 01:03:44] [INFO] [Worker] Created /cache directory.

[10/02/2021 01:03:44] [INFO] [Worker] Created /resources directory.

[10/02/2021 01:03:44] [INFO] [Worker] Start conversion process...

[10/02/2021 01:03:44] [INFO] [Worker] Setting up resource folder structure...

[10/02/2021 01:03:44] [INFO] [Worker] Created resource folder structure.

[10/02/2021 01:03:44] [INFO] [Worker] Fetching resource stream and data folders...

[10/02/2021 01:03:44] [INFO] [SharpCompress] Decompressing...

[10/02/2021 01:03:50] [INFO] [Worker] Removing leftover files from the archive...

[10/02/2021 01:03:50] [INFO] [CodeWalker] Searching for dlc.rpf...

[10/02/2021 01:03:50] [INFO] [CodeWalker] Unpacking cache\unpack\dlc.rpf...

[10/02/2021 01:03:54] [INFO] [NConvert] Sucessfully resized texture (Liberty_II_detailing_normals) to 50%!

[10/02/2021 01:03:55] [ERROR] [CodeWalker] Failed to extract dlc.rpf, stack trace: System.IO.DirectoryNotFoundException: Could not find a part of the path.
   at System.IO.__Error.WinIOError(Int32 errorCode, String maybeFullPath)
   at System.IO.File.InternalMove(String sourceFileName, String destFileName, Boolean checkHost)
   at rpf2fivem.Main.ExtractFilesInRPF(RpfFile rpf, String directoryOffset) in D:\Projekt\C#\rpf2fivem\Main.cs:line 388
   at rpf2fivem.Main.RpfUnpack(String resname, String rpfFile) in D:\Projekt\C#\rpf2fivem\Main.cs:line 283
   at rpf2fivem.Main.<startConversion>d__38.MoveNext() in D:\Projekt\C#\rpf2fivem\Main.cs:line 735

[10/02/2021 01:03:55] [INFO] [Worker] Moving items from cache to resource folder.

[10/02/2021 01:04:00] [INFO] [Worker] Conversion of vehicle 677934116 has finished, cleaning up...

[10/02/2021 01:16:24] [INFO] rpf2fivem

[10/02/2021 01:16:24] [INFO] ---------------

[10/02/2021 01:16:24] [INFO] Developed by Avenzey#6184 (thanks to https://github.com/vscorpio for developing the original version!)

[10/02/2021 01:16:24] [INFO] GitHub repository: https://github.com/Avenze/rpf2fivem-repository

[10/02/2021 01:16:24] [INFO] Discord support: https://discord.gg/C4e4q6g

[10/02/2021 01:16:24] [INFO] ---------------

[10/02/2021 01:16:24] [INFO] GTA5-Mods links must look like this: 

[10/02/2021 01:16:24] [INFO] https://files.gta5-mods.com/uploads/XXXCARNAMEXXXX/XXXCARNAMEXXXX.zip

[10/02/2021 01:16:24] [INFO] Links must be DIRECT link else they won't download!

[10/02/2021 01:42:31] [INFO] rpf2fivem

[10/02/2021 01:42:31] [INFO] ---------------

[10/02/2021 01:42:31] [INFO] Developed by Avenzey#6184 (thanks to https://github.com/vscorpio for developing the original version!)

[10/02/2021 01:42:31] [INFO] GitHub repository: https://github.com/Avenze/rpf2fivem-repository

[10/02/2021 01:42:31] [INFO] Discord support: https://discord.gg/C4e4q6g

[10/02/2021 01:42:31] [INFO] ---------------

[10/02/2021 01:42:31] [INFO] GTA5-Mods links must look like this: 

[10/02/2021 01:42:31] [INFO] https://files.gta5-mods.com/uploads/XXXCARNAMEXXXX/XXXCARNAMEXXXX.zip

[10/02/2021 01:42:31] [INFO] Links must be DIRECT link else they won't download!

[11/28/2021 04:37:03] [INFO] rpf2fivem

[11/28/2021 04:37:03] [INFO] ---------------

[11/28/2021 04:37:03] [INFO] Developed by Avenzey#6184 (thanks to https://github.com/vscorpio for developing the original version!)

[11/28/2021 04:37:03] [INFO] GitHub repository: https://github.com/Avenze/rpf2fivem-repository

[11/28/2021 04:37:03] [INFO] Discord support: https://discord.gg/C4e4q6g

[11/28/2021 04:37:03] [INFO] ---------------

[11/28/2021 04:37:03] [INFO] GTA5-Mods links must look like this: 

[11/28/2021 04:37:03] [INFO] https://files.gta5-mods.com/uploads/XXXCARNAMEXXXX/XXXCARNAMEXXXX.zip

[11/28/2021 04:37:03] [INFO] Links must be DIRECT link else they won't download!

[11/28/2021 04:37:16] [INFO] Job added!

[11/28/2021 04:37:20] [INFO] [Worker] Setting up basic enviroment...

[11/28/2021 04:37:20] [INFO] [Worker] Setting up basic enviroment...

[11/28/2021 04:37:20] [INFO] [Worker] Created /cache directory.

[11/28/2021 04:37:20] [INFO] [Worker] Created /resources directory.

[11/28/2021 04:37:20] [INFO] [Worker] Start conversion process...

[11/28/2021 04:37:20] [INFO] [Worker] Setting up resource folder structure...

[11/28/2021 04:37:20] [INFO] [Worker] Created resource folder structure.

[11/28/2021 04:37:20] [INFO] [Worker] Fetching resource stream and data folders...

[11/28/2021 04:37:20] [INFO] [Worker] Downloading archive...

[11/28/2021 04:37:29] [INFO] [Worker] Moving archives to cache...

[11/28/2021 04:37:29] [INFO] [SharpCompress] Decompressing...

[11/28/2021 04:37:35] [INFO] [Worker] Removing leftover files from the archive...

[11/28/2021 04:37:35] [INFO] [CodeWalker] Searching for dlc.rpf...

[11/28/2021 04:37:35] [INFO] [CodeWalker] Unpacking cache\unpack\lsfd\dlc.rpf...

[11/28/2021 04:37:38] [INFO] [NConvert] ** NCONVERT v7.80 (c) 1991-2021 Pierre-E Gougelet (Apr 27 2021/08:28:41) **
        Version for Windows NT/9x/2000/Xp/Vista/7  (All rights reserved)
** This is freeware software (for non-commercial use)



[11/28/2021 04:37:38] [INFO] [NConvert] Sucessfully resized texture (stanier_sign_1) to 50%!

[11/28/2021 04:37:38] [INFO] [CodeWalker] Resized texture dictionary (ytd) lsfd.ytd.

[11/28/2021 04:37:41] [INFO] [NConvert] ** NCONVERT v7.80 (c) 1991-2021 Pierre-E Gougelet (Apr 27 2021/08:28:41) **
        Version for Windows NT/9x/2000/Xp/Vista/7  (All rights reserved)
** This is freeware software (for non-commercial use)



[11/28/2021 04:37:41] [INFO] [NConvert] Sucessfully resized texture (prop_byard_dingy_v2) to 50%!

[11/28/2021 04:37:43] [INFO] [NConvert] ** NCONVERT v7.80 (c) 1991-2021 Pierre-E Gougelet (Apr 27 2021/08:28:41) **
        Version for Windows NT/9x/2000/Xp/Vista/7  (All rights reserved)
** This is freeware software (for non-commercial use)



[11/28/2021 04:37:43] [INFO] [NConvert] Sucessfully resized texture (ambulancemain) to 50%!

[11/28/2021 04:37:45] [INFO] [NConvert] ** NCONVERT v7.80 (c) 1991-2021 Pierre-E Gougelet (Apr 27 2021/08:28:41) **
        Version for Windows NT/9x/2000/Xp/Vista/7  (All rights reserved)
** This is freeware software (for non-commercial use)



[11/28/2021 04:37:45] [INFO] [NConvert] Sucessfully resized texture (prop_byard_dingy_v2_n) to 50%!

[11/28/2021 04:37:47] [INFO] [NConvert] ** NCONVERT v7.80 (c) 1991-2021 Pierre-E Gougelet (Apr 27 2021/08:28:41) **
        Version for Windows NT/9x/2000/Xp/Vista/7  (All rights reserved)
** This is freeware software (for non-commercial use)



[11/28/2021 04:37:47] [INFO] [NConvert] Sucessfully resized texture (prop_byard_dingy_v2_s) to 50%!

[11/28/2021 04:37:54] [INFO] [NConvert] ** NCONVERT v7.80 (c) 1991-2021 Pierre-E Gougelet (Apr 27 2021/08:28:41) **
        Version for Windows NT/9x/2000/Xp/Vista/7  (All rights reserved)
** This is freeware software (for non-commercial use)



[11/28/2021 04:37:54] [INFO] [NConvert] Sucessfully resized texture (lsfd2_sign_1) to 50%!

[11/28/2021 04:37:54] [INFO] [CodeWalker] Resized texture dictionary (ytd) lsfd2.ytd.

[11/28/2021 04:37:57] [INFO] [NConvert] ** NCONVERT v7.80 (c) 1991-2021 Pierre-E Gougelet (Apr 27 2021/08:28:41) **
        Version for Windows NT/9x/2000/Xp/Vista/7  (All rights reserved)
** This is freeware software (for non-commercial use)



[11/28/2021 04:37:57] [INFO] [NConvert] Sucessfully resized texture (generic_cav_detail_dash) to 50%!

[11/28/2021 04:37:58] [INFO] [NConvert] ** NCONVERT v7.80 (c) 1991-2021 Pierre-E Gougelet (Apr 27 2021/08:28:41) **
        Version for Windows NT/9x/2000/Xp/Vista/7  (All rights reserved)
** This is freeware software (for non-commercial use)



[11/28/2021 04:37:58] [INFO] [NConvert] Sucessfully resized texture (lsfd3_sign_2) to 50%!

[11/28/2021 04:37:59] [INFO] [NConvert] ** NCONVERT v7.80 (c) 1991-2021 Pierre-E Gougelet (Apr 27 2021/08:28:41) **
        Version for Windows NT/9x/2000/Xp/Vista/7  (All rights reserved)
** This is freeware software (for non-commercial use)



[11/28/2021 04:37:59] [INFO] [NConvert] Sucessfully resized texture (cavalvade_interior) to 50%!

[11/28/2021 04:38:00] [INFO] [NConvert] ** NCONVERT v7.80 (c) 1991-2021 Pierre-E Gougelet (Apr 27 2021/08:28:41) **
        Version for Windows NT/9x/2000/Xp/Vista/7  (All rights reserved)
** This is freeware software (for non-commercial use)



[11/28/2021 04:38:00] [INFO] [NConvert] Sucessfully resized texture (lsfd3_sign_1) to 50%!

[11/28/2021 04:38:01] [INFO] [NConvert] ** NCONVERT v7.80 (c) 1991-2021 Pierre-E Gougelet (Apr 27 2021/08:28:41) **
        Version for Windows NT/9x/2000/Xp/Vista/7  (All rights reserved)
** This is freeware software (for non-commercial use)



[11/28/2021 04:38:01] [INFO] [NConvert] Sucessfully resized texture (generic_cav_detail_pack) to 50%!

[11/28/2021 04:38:04] [INFO] [NConvert] ** NCONVERT v7.80 (c) 1991-2021 Pierre-E Gougelet (Apr 27 2021/08:28:41) **
        Version for Windows NT/9x/2000/Xp/Vista/7  (All rights reserved)
** This is freeware software (for non-commercial use)



[11/28/2021 04:38:04] [INFO] [NConvert] Sucessfully resized texture (ambulancemain) to 50%!

[11/28/2021 04:38:04] [INFO] [CodeWalker] Resized texture dictionary (ytd) lsfd3.ytd.

[11/28/2021 04:38:07] [INFO] [NConvert] ** NCONVERT v7.80 (c) 1991-2021 Pierre-E Gougelet (Apr 27 2021/08:28:41) **
        Version for Windows NT/9x/2000/Xp/Vista/7  (All rights reserved)
** This is freeware software (for non-commercial use)



[11/28/2021 04:38:07] [INFO] [NConvert] Sucessfully resized texture (generic_cav_detail_dash) to 50%!

[11/28/2021 04:38:09] [INFO] [NConvert] ** NCONVERT v7.80 (c) 1991-2021 Pierre-E Gougelet (Apr 27 2021/08:28:41) **
        Version for Windows NT/9x/2000/Xp/Vista/7  (All rights reserved)
** This is freeware software (for non-commercial use)



[11/28/2021 04:38:09] [INFO] [NConvert] Sucessfully resized texture (ambl_bodydirt) to 50%!

[11/28/2021 04:38:10] [INFO] [NConvert] ** NCONVERT v7.80 (c) 1991-2021 Pierre-E Gougelet (Apr 27 2021/08:28:41) **
        Version for Windows NT/9x/2000/Xp/Vista/7  (All rights reserved)
** This is freeware software (for non-commercial use)



[11/28/2021 04:38:10] [INFO] [NConvert] Sucessfully resized texture (cavalvade_interior) to 50%!

[11/28/2021 04:38:12] [INFO] [NConvert] ** NCONVERT v7.80 (c) 1991-2021 Pierre-E Gougelet (Apr 27 2021/08:28:41) **
        Version for Windows NT/9x/2000/Xp/Vista/7  (All rights reserved)
** This is freeware software (for non-commercial use)



[11/28/2021 04:38:12] [INFO] [NConvert] Sucessfully resized texture (ambulanceskin_normal) to 50%!

[11/28/2021 04:38:12] [INFO] [NConvert] ** NCONVERT v7.80 (c) 1991-2021 Pierre-E Gougelet (Apr 27 2021/08:28:41) **
        Version for Windows NT/9x/2000/Xp/Vista/7  (All rights reserved)
** This is freeware software (for non-commercial use)



[11/28/2021 04:38:12] [INFO] [NConvert] Sucessfully resized texture (generic_cav_detail_pack) to 50%!

[11/28/2021 04:38:14] [INFO] [NConvert] ** NCONVERT v7.80 (c) 1991-2021 Pierre-E Gougelet (Apr 27 2021/08:28:41) **
        Version for Windows NT/9x/2000/Xp/Vista/7  (All rights reserved)
** This is freeware software (for non-commercial use)



[11/28/2021 04:38:14] [INFO] [NConvert] Sucessfully resized texture (ambulance6_sign_1) to 50%!

[11/28/2021 04:38:17] [INFO] [NConvert] ** NCONVERT v7.80 (c) 1991-2021 Pierre-E Gougelet (Apr 27 2021/08:28:41) **
        Version for Windows NT/9x/2000/Xp/Vista/7  (All rights reserved)
** This is freeware software (for non-commercial use)



[11/28/2021 04:38:17] [INFO] [NConvert] Sucessfully resized texture (ambulancemain) to 50%!

[11/28/2021 04:38:19] [INFO] [NConvert] ** NCONVERT v7.80 (c) 1991-2021 Pierre-E Gougelet (Apr 27 2021/08:28:41) **
        Version for Windows NT/9x/2000/Xp/Vista/7  (All rights reserved)
** This is freeware software (for non-commercial use)



[11/28/2021 04:38:19] [INFO] [NConvert] Sucessfully resized texture (ambulanceskin) to 50%!

[11/28/2021 04:38:19] [INFO] [CodeWalker] Resized texture dictionary (ytd) lsfd4.ytd.

[11/28/2021 04:38:26] [INFO] [NConvert] ** NCONVERT v7.80 (c) 1991-2021 Pierre-E Gougelet (Apr 27 2021/08:28:41) **
        Version for Windows NT/9x/2000/Xp/Vista/7  (All rights reserved)
** This is freeware software (for non-commercial use)



[11/28/2021 04:38:26] [INFO] [NConvert] Sucessfully resized texture (lsfd5_sign_1) to 50%!

[11/28/2021 04:38:27] [INFO] [NConvert] ** NCONVERT v7.80 (c) 1991-2021 Pierre-E Gougelet (Apr 27 2021/08:28:41) **
        Version for Windows NT/9x/2000/Xp/Vista/7  (All rights reserved)
** This is freeware software (for non-commercial use)



[11/28/2021 04:38:27] [INFO] [NConvert] Sucessfully resized texture (generic_cav_detail_dash) to 50%!

[11/28/2021 04:38:28] [INFO] [NConvert] ** NCONVERT v7.80 (c) 1991-2021 Pierre-E Gougelet (Apr 27 2021/08:28:41) **
        Version for Windows NT/9x/2000/Xp/Vista/7  (All rights reserved)
** This is freeware software (for non-commercial use)



[11/28/2021 04:38:28] [INFO] [NConvert] Sucessfully resized texture (cavalvade_interior) to 50%!

[11/28/2021 04:38:29] [INFO] [NConvert] ** NCONVERT v7.80 (c) 1991-2021 Pierre-E Gougelet (Apr 27 2021/08:28:41) **
        Version for Windows NT/9x/2000/Xp/Vista/7  (All rights reserved)
** This is freeware software (for non-commercial use)



[11/28/2021 04:38:29] [INFO] [NConvert] Sucessfully resized texture (generic_cav_detail_pack) to 50%!

[11/28/2021 04:38:29] [INFO] [CodeWalker] Resized texture dictionary (ytd) lsfd5.ytd.

[11/28/2021 04:38:33] [INFO] [NConvert] ** NCONVERT v7.80 (c) 1991-2021 Pierre-E Gougelet (Apr 27 2021/08:28:41) **
        Version for Windows NT/9x/2000/Xp/Vista/7  (All rights reserved)
** This is freeware software (for non-commercial use)



[11/28/2021 04:38:33] [INFO] [NConvert] Sucessfully resized texture (firetruck_detail) to 50%!

[11/28/2021 04:38:35] [INFO] [NConvert] ** NCONVERT v7.80 (c) 1991-2021 Pierre-E Gougelet (Apr 27 2021/08:28:41) **
        Version for Windows NT/9x/2000/Xp/Vista/7  (All rights reserved)
** This is freeware software (for non-commercial use)



[11/28/2021 04:38:35] [INFO] [NConvert] Sucessfully resized texture (firetruck_detail_spec) to 50%!

[11/28/2021 04:38:37] [INFO] [NConvert] ** NCONVERT v7.80 (c) 1991-2021 Pierre-E Gougelet (Apr 27 2021/08:28:41) **
        Version for Windows NT/9x/2000/Xp/Vista/7  (All rights reserved)
** This is freeware software (for non-commercial use)



[11/28/2021 04:38:37] [INFO] [NConvert] Sucessfully resized texture (firetruck_detail_normal) to 50%!

[11/28/2021 04:38:37] [INFO] [CodeWalker] Resized texture dictionary (ytd) lsfdtruck+hi.ytd.

[11/28/2021 04:38:41] [INFO] [NConvert] ** NCONVERT v7.80 (c) 1991-2021 Pierre-E Gougelet (Apr 27 2021/08:28:41) **
        Version for Windows NT/9x/2000/Xp/Vista/7  (All rights reserved)
** This is freeware software (for non-commercial use)



[11/28/2021 04:38:41] [INFO] [NConvert] Sucessfully resized texture (fire_sign_1) to 50%!

[11/28/2021 04:38:44] [INFO] [NConvert] ** NCONVERT v7.80 (c) 1991-2021 Pierre-E Gougelet (Apr 27 2021/08:28:41) **
        Version for Windows NT/9x/2000/Xp/Vista/7  (All rights reserved)
** This is freeware software (for non-commercial use)



[11/28/2021 04:38:44] [INFO] [NConvert] Sucessfully resized texture (fire_sign_2) to 50%!

[11/28/2021 04:38:46] [INFO] [NConvert] ** NCONVERT v7.80 (c) 1991-2021 Pierre-E Gougelet (Apr 27 2021/08:28:41) **
        Version for Windows NT/9x/2000/Xp/Vista/7  (All rights reserved)
** This is freeware software (for non-commercial use)



[11/28/2021 04:38:47] [INFO] [NConvert] Sucessfully resized texture (fire_sign_3) to 50%!

[11/28/2021 04:38:47] [INFO] [NConvert] ** NCONVERT v7.80 (c) 1991-2021 Pierre-E Gougelet (Apr 27 2021/08:28:41) **
        Version for Windows NT/9x/2000/Xp/Vista/7  (All rights reserved)
** This is freeware software (for non-commercial use)



[11/28/2021 04:38:47] [INFO] [NConvert] Sucessfully resized texture (firetruk_windows) to 50%!

[11/28/2021 04:38:47] [INFO] [CodeWalker] Resized texture dictionary (ytd) lsfdtruck.ytd.

[11/28/2021 04:38:50] [INFO] [NConvert] ** NCONVERT v7.80 (c) 1991-2021 Pierre-E Gougelet (Apr 27 2021/08:28:41) **
        Version for Windows NT/9x/2000/Xp/Vista/7  (All rights reserved)
** This is freeware software (for non-commercial use)



[11/28/2021 04:38:50] [INFO] [NConvert] Sucessfully resized texture (firetruck_detail) to 50%!

[11/28/2021 04:38:52] [INFO] [NConvert] ** NCONVERT v7.80 (c) 1991-2021 Pierre-E Gougelet (Apr 27 2021/08:28:41) **
        Version for Windows NT/9x/2000/Xp/Vista/7  (All rights reserved)
** This is freeware software (for non-commercial use)



[11/28/2021 04:38:52] [INFO] [NConvert] Sucessfully resized texture (firetruck_detail_spec) to 50%!

[11/28/2021 04:38:55] [INFO] [NConvert] ** NCONVERT v7.80 (c) 1991-2021 Pierre-E Gougelet (Apr 27 2021/08:28:41) **
        Version for Windows NT/9x/2000/Xp/Vista/7  (All rights reserved)
** This is freeware software (for non-commercial use)



[11/28/2021 04:38:55] [INFO] [NConvert] Sucessfully resized texture (firetruck_detail_normal) to 50%!

[11/28/2021 04:38:55] [INFO] [CodeWalker] Resized texture dictionary (ytd) lsfdtruck2+hi.ytd.

[11/28/2021 04:38:58] [INFO] [NConvert] ** NCONVERT v7.80 (c) 1991-2021 Pierre-E Gougelet (Apr 27 2021/08:28:41) **
        Version for Windows NT/9x/2000/Xp/Vista/7  (All rights reserved)
** This is freeware software (for non-commercial use)



[11/28/2021 04:38:58] [INFO] [NConvert] Sucessfully resized texture (prop_byard_dingy_v2) to 50%!

[11/28/2021 04:38:58] [INFO] [NConvert] ** NCONVERT v7.80 (c) 1991-2021 Pierre-E Gougelet (Apr 27 2021/08:28:41) **
        Version for Windows NT/9x/2000/Xp/Vista/7  (All rights reserved)
** This is freeware software (for non-commercial use)



[11/28/2021 04:38:58] [INFO] [NConvert] Sucessfully resized texture (fireutil_sign_1) to 50%!

[11/28/2021 04:39:00] [INFO] [NConvert] ** NCONVERT v7.80 (c) 1991-2021 Pierre-E Gougelet (Apr 27 2021/08:28:41) **
        Version for Windows NT/9x/2000/Xp/Vista/7  (All rights reserved)
** This is freeware software (for non-commercial use)



[11/28/2021 04:39:00] [INFO] [NConvert] Sucessfully resized texture (prop_byard_dingy_v2_n) to 50%!

[11/28/2021 04:39:02] [INFO] [NConvert] ** NCONVERT v7.80 (c) 1991-2021 Pierre-E Gougelet (Apr 27 2021/08:28:41) **
        Version for Windows NT/9x/2000/Xp/Vista/7  (All rights reserved)
** This is freeware software (for non-commercial use)



[11/28/2021 04:39:02] [INFO] [NConvert] Sucessfully resized texture (prop_byard_dingy_v2_s) to 50%!

[11/28/2021 04:39:02] [INFO] [CodeWalker] Resized texture dictionary (ytd) lsfdtruck2.ytd.

[11/28/2021 04:39:05] [INFO] [NConvert] 

[11/28/2021 04:39:05] [INFO] [NConvert] Sucessfully resized texture (firetruck_detail) to 50%!

[05/21/2022 04:06:38] [INFO] rpf2fivem

[05/21/2022 04:06:38] [INFO] ---------------

[05/21/2022 04:06:38] [INFO] Developed by Avenzey#6184 (thanks to https://github.com/vscorpio for developing the original version!)

[05/21/2022 04:06:38] [INFO] GitHub repository: https://github.com/Avenze/rpf2fivem-repository

[05/21/2022 04:06:38] [INFO] Discord support: https://discord.gg/C4e4q6g

[05/21/2022 04:06:38] [INFO] ---------------

[05/21/2022 04:06:38] [INFO] GTA5-Mods links must look like this: 

[05/21/2022 04:06:38] [INFO] https://files.gta5-mods.com/uploads/XXXCARNAMEXXXX/XXXCARNAMEXXXX.zip

[05/21/2022 04:06:38] [INFO] Links must be DIRECT link else they won't download!

[01/01/2023 11:53:34] [INFO] rpf2fivem

[01/01/2023 11:53:34] [INFO] ---------------

[01/01/2023 11:53:34] [INFO] Developed by Avenzey#6184 (thanks to https://github.com/vscorpio for developing the original version!)

[01/01/2023 11:53:34] [INFO] GitHub repository: https://github.com/Avenze/rpf2fivem-repository

[01/01/2023 11:53:34] [INFO] Discord support: https://discord.gg/C4e4q6g

[01/01/2023 11:53:34] [INFO] ---------------

[01/01/2023 11:53:34] [INFO] GTA5-Mods links must look like this: 

[01/01/2023 11:53:34] [INFO] https://files.gta5-mods.com/uploads/XXXCARNAMEXXXX/XXXCARNAMEXXXX.zip

[01/01/2023 11:53:34] [INFO] Links must be DIRECT link else they won't download!

[01/01/2023 11:53:37] [INFO] [InputHandler] Combine Helpers switched on

[01/01/2023 11:59:39] [INFO] Job added!

[01/01/2023 11:59:48] [INFO] Job added!

[01/02/2023 12:00:06] [INFO] Job added!

[01/02/2023 12:00:14] [INFO] Job added!

[01/02/2023 12:00:21] [INFO] Job added!

[01/02/2023 12:00:31] [INFO] Job added!

[01/02/2023 12:00:41] [INFO] Job added!

[01/02/2023 12:00:48] [INFO] Job added!

[01/02/2023 12:02:26] [INFO] Job added!

[01/02/2023 12:02:33] [INFO] Job added!

[01/02/2023 12:02:44] [INFO] Job added!

[01/02/2023 12:02:51] [INFO] Job added!

[01/02/2023 12:05:02] [INFO] Job added!

[01/02/2023 12:05:11] [INFO] Job added!

[01/02/2023 12:05:16] [INFO] Job added!

[01/02/2023 12:05:22] [INFO] Job added!

[01/02/2023 12:05:29] [INFO] Job added!

[01/02/2023 12:07:20] [INFO] Job added!

[01/02/2023 12:07:32] [INFO] Job added!

[01/02/2023 12:07:40] [INFO] Job added!

[01/02/2023 12:07:46] [INFO] Job added!

[01/02/2023 12:08:08] [INFO] Job added!

[01/02/2023 12:08:19] [INFO] Job added!

[01/02/2023 12:08:31] [INFO] Job added!

[01/02/2023 12:08:51] [INFO] Job added!

[01/02/2023 12:09:06] [INFO] Job added!

[01/02/2023 12:09:33] [INFO] Job added!

[01/02/2023 12:09:39] [INFO] Job added!

[01/02/2023 12:09:46] [INFO] Job added!

[01/02/2023 12:09:51] [INFO] Job added!

[01/02/2023 12:11:27] [INFO] Job added!

[01/02/2023 12:14:09] [INFO] Job added!

[01/02/2023 12:14:24] [INFO] Job added!

[01/02/2023 12:14:30] [INFO] Job added!

[01/02/2023 12:15:53] [INFO] Job added!

[01/02/2023 12:15:59] [INFO] Job added!

[01/02/2023 12:16:04] [INFO] Job added!

[01/02/2023 12:16:09] [INFO] Job added!

[01/02/2023 12:16:16] [INFO] Job added!

[01/02/2023 12:16:52] [INFO] Job added!

[01/02/2023 12:16:57] [INFO] Job added!

[01/02/2023 12:19:25] [INFO] Job added!

[01/02/2023 12:21:58] [INFO] Job added!

[01/02/2023 12:22:06] [INFO] Job added!

[01/02/2023 12:22:11] [INFO] Job added!

[01/02/2023 12:22:17] [INFO] Job added!

[01/02/2023 12:22:23] [INFO] Job added!

[01/02/2023 12:22:28] [INFO] Job added!

[01/02/2023 12:23:37] [INFO] Job added!

[01/02/2023 12:23:48] [INFO] Job added!

[01/02/2023 12:23:50] [INFO] [Worker] Setting up basic enviroment...

[01/02/2023 12:23:50] [INFO] [Worker] Setting up basic enviroment...

[01/02/2023 12:23:50] [INFO] [Worker] Created /cache directory.

[01/02/2023 12:23:50] [INFO] [Worker] Created /resources directory.

[01/02/2023 12:23:50] [INFO] [Worker] Start conversion process...

[01/02/2023 12:23:50] [INFO] [Worker] Setting up resource folder structure...

[01/02/2023 12:23:50] [INFO] [Worker] Created resource folder structure.

[01/02/2023 12:23:50] [INFO] [Worker] Fetching resource stream and data folders...

[01/02/2023 12:23:50] [INFO] [Worker] Downloading archive...

[01/02/2023 12:23:51] [INFO] [Worker] Moving archives to cache...

[01/02/2023 12:23:51] [INFO] [SharpCompress] Decompressing...

[01/02/2023 12:23:57] [INFO] [Worker] Removing leftover files from the archive...

[01/02/2023 12:23:57] [INFO] [Worker] Deleting / cache\rpfunpack\lsfd.yft ...

[01/02/2023 12:23:57] [INFO] [Worker] Deleting / cache\rpfunpack\lsfd2.yft ...

[01/02/2023 12:23:57] [INFO] [Worker] Deleting / cache\rpfunpack\lsfd2_hi.yft ...

[01/02/2023 12:23:57] [INFO] [Worker] Deleting / cache\rpfunpack\lsfd3.yft ...

[01/02/2023 12:23:57] [INFO] [Worker] Deleting / cache\rpfunpack\lsfd3_hi.yft ...

[01/02/2023 12:23:57] [INFO] [Worker] Deleting / cache\rpfunpack\lsfd4.yft ...

[01/02/2023 12:23:57] [INFO] [Worker] Deleting / cache\rpfunpack\lsfd4_hi.yft ...

[01/02/2023 12:23:57] [INFO] [Worker] Deleting / cache\rpfunpack\lsfd5.yft ...

[01/02/2023 12:23:57] [INFO] [Worker] Deleting / cache\rpfunpack\lsfd5_hi.yft ...

[01/02/2023 12:23:57] [INFO] [Worker] Deleting / cache\rpfunpack\lsfdtruck.yft ...

[01/02/2023 12:23:57] [INFO] [Worker] Deleting / cache\rpfunpack\lsfdtruck2.yft ...

[01/02/2023 12:23:57] [INFO] [Worker] Deleting / cache\rpfunpack\lsfdtruck2_hi.yft ...

[01/02/2023 12:23:57] [INFO] [Worker] Deleting / cache\rpfunpack\lsfd_hi.yft ...

[01/02/2023 12:23:57] [INFO] [Worker] Deleting / cache\rpfunpack\lsfd.ytd ...

[01/02/2023 12:23:57] [INFO] [Worker] Deleting / cache\rpfunpack\lsfd2.ytd ...

[01/02/2023 12:23:57] [INFO] [Worker] Deleting / cache\rpfunpack\lsfd3.ytd ...

[01/02/2023 12:23:57] [INFO] [Worker] Deleting / cache\rpfunpack\lsfd4.ytd ...

[01/02/2023 12:23:57] [INFO] [Worker] Deleting / cache\rpfunpack\lsfd5.ytd ...

[01/02/2023 12:23:57] [INFO] [Worker] Deleting / cache\rpfunpack\lsfdtruck+hi.ytd ...

[01/02/2023 12:23:57] [INFO] [Worker] Deleting / cache\rpfunpack\lsfdtruck.ytd ...

[01/02/2023 12:23:57] [INFO] [Worker] Deleting / cache\rpfunpack\lsfdtruck2+hi.ytd ...

[01/02/2023 12:23:57] [INFO] [Worker] Deleting / cache\rpfunpack\lsfdtruck2.ytd ...

[01/02/2023 12:23:57] [INFO] [Worker] Deleting / cache\rpfunpack\carcols.meta ...

[01/02/2023 12:23:57] [INFO] [Worker] Deleting / cache\rpfunpack\carvariations.meta ...

[01/02/2023 12:23:57] [INFO] [Worker] Deleting / cache\rpfunpack\dlctext.meta ...

[01/02/2023 12:23:57] [INFO] [Worker] Deleting / cache\rpfunpack\handling.meta ...

[01/02/2023 12:23:57] [INFO] [Worker] Deleting / cache\rpfunpack\vehicles.meta ...

[01/02/2023 12:23:57] [INFO] [CodeWalker] Searching for dlc.rpf...

[01/02/2023 12:23:57] [INFO] [CodeWalker] Unpacking cache\rpfunpack\vehicles.rpf...

[01/02/2023 12:23:59] [INFO] [NConvert] ** NCONVERT v7.80 (c) 1991-2021 Pierre-E Gougelet (Apr 27 2021/08:28:41) **
        Version for Windows NT/9x/2000/Xp/Vista/7  (All rights reserved)
** This is freeware software (for non-commercial use)



[01/02/2023 12:23:59] [INFO] [NConvert] Sucessfully resized texture (stanier_sign_1) to 50%!

[01/02/2023 12:23:59] [INFO] [CodeWalker] Resized texture dictionary (ytd) lsfd.ytd.

[01/02/2023 12:24:03] [INFO] [NConvert] ** NCONVERT v7.80 (c) 1991-2021 Pierre-E Gougelet (Apr 27 2021/08:28:41) **
        Version for Windows NT/9x/2000/Xp/Vista/7  (All rights reserved)
** This is freeware software (for non-commercial use)



[01/02/2023 12:24:03] [INFO] [NConvert] Sucessfully resized texture (prop_byard_dingy_v2) to 50%!

[01/02/2023 12:24:05] [INFO] [NConvert] ** NCONVERT v7.80 (c) 1991-2021 Pierre-E Gougelet (Apr 27 2021/08:28:41) **
        Version for Windows NT/9x/2000/Xp/Vista/7  (All rights reserved)
** This is freeware software (for non-commercial use)



[01/02/2023 12:24:05] [INFO] [NConvert] Sucessfully resized texture (ambulancemain) to 50%!

[01/02/2023 12:24:06] [INFO] [NConvert] ** NCONVERT v7.80 (c) 1991-2021 Pierre-E Gougelet (Apr 27 2021/08:28:41) **
        Version for Windows NT/9x/2000/Xp/Vista/7  (All rights reserved)
** This is freeware software (for non-commercial use)



[01/02/2023 12:24:06] [INFO] [NConvert] Sucessfully resized texture (prop_byard_dingy_v2_n) to 50%!

[01/02/2023 12:24:08] [INFO] [NConvert] ** NCONVERT v7.80 (c) 1991-2021 Pierre-E Gougelet (Apr 27 2021/08:28:41) **
        Version for Windows NT/9x/2000/Xp/Vista/7  (All rights reserved)
** This is freeware software (for non-commercial use)



[01/02/2023 12:24:08] [INFO] [NConvert] Sucessfully resized texture (prop_byard_dingy_v2_s) to 50%!

[01/02/2023 12:24:16] [INFO] [NConvert] ** NCONVERT v7.80 (c) 1991-2021 Pierre-E Gougelet (Apr 27 2021/08:28:41) **
        Version for Windows NT/9x/2000/Xp/Vista/7  (All rights reserved)
** This is freeware software (for non-commercial use)



[01/02/2023 12:24:16] [INFO] [NConvert] Sucessfully resized texture (lsfd2_sign_1) to 50%!

[01/02/2023 12:24:17] [INFO] [CodeWalker] Resized texture dictionary (ytd) lsfd2.ytd.

[01/02/2023 12:24:20] [INFO] [NConvert] ** NCONVERT v7.80 (c) 1991-2021 Pierre-E Gougelet (Apr 27 2021/08:28:41) **
        Version for Windows NT/9x/2000/Xp/Vista/7  (All rights reserved)
** This is freeware software (for non-commercial use)



[01/02/2023 12:24:20] [INFO] [NConvert] Sucessfully resized texture (generic_cav_detail_dash) to 50%!

[01/02/2023 12:24:21] [INFO] [NConvert] ** NCONVERT v7.80 (c) 1991-2021 Pierre-E Gougelet (Apr 27 2021/08:28:41) **
        Version for Windows NT/9x/2000/Xp/Vista/7  (All rights reserved)
** This is freeware software (for non-commercial use)



[01/02/2023 12:24:21] [INFO] [NConvert] Sucessfully resized texture (lsfd3_sign_2) to 50%!

[01/02/2023 12:24:22] [INFO] [NConvert] ** NCONVERT v7.80 (c) 1991-2021 Pierre-E Gougelet (Apr 27 2021/08:28:41) **
        Version for Windows NT/9x/2000/Xp/Vista/7  (All rights reserved)
** This is freeware software (for non-commercial use)



[01/02/2023 12:24:22] [INFO] [NConvert] Sucessfully resized texture (cavalvade_interior) to 50%!

[01/02/2023 12:24:24] [INFO] [NConvert] ** NCONVERT v7.80 (c) 1991-2021 Pierre-E Gougelet (Apr 27 2021/08:28:41) **
        Version for Windows NT/9x/2000/Xp/Vista/7  (All rights reserved)
** This is freeware software (for non-commercial use)



[01/02/2023 12:24:24] [INFO] [NConvert] Sucessfully resized texture (lsfd3_sign_1) to 50%!

[01/02/2023 12:24:25] [INFO] [NConvert] ** NCONVERT v7.80 (c) 1991-2021 Pierre-E Gougelet (Apr 27 2021/08:28:41) **
        Version for Windows NT/9x/2000/Xp/Vista/7  (All rights reserved)
** This is freeware software (for non-commercial use)



[01/02/2023 12:24:25] [INFO] [NConvert] Sucessfully resized texture (generic_cav_detail_pack) to 50%!

[01/02/2023 12:24:27] [INFO] [NConvert] ** NCONVERT v7.80 (c) 1991-2021 Pierre-E Gougelet (Apr 27 2021/08:28:41) **
        Version for Windows NT/9x/2000/Xp/Vista/7  (All rights reserved)
** This is freeware software (for non-commercial use)



[01/02/2023 12:24:27] [INFO] [NConvert] Sucessfully resized texture (ambulancemain) to 50%!

[01/02/2023 12:24:27] [INFO] [CodeWalker] Resized texture dictionary (ytd) lsfd3.ytd.

[01/02/2023 12:24:30] [INFO] [NConvert] ** NCONVERT v7.80 (c) 1991-2021 Pierre-E Gougelet (Apr 27 2021/08:28:41) **
        Version for Windows NT/9x/2000/Xp/Vista/7  (All rights reserved)
** This is freeware software (for non-commercial use)



[01/02/2023 12:24:30] [INFO] [NConvert] Sucessfully resized texture (generic_cav_detail_dash) to 50%!

[01/02/2023 12:24:33] [INFO] [NConvert] ** NCONVERT v7.80 (c) 1991-2021 Pierre-E Gougelet (Apr 27 2021/08:28:41) **
        Version for Windows NT/9x/2000/Xp/Vista/7  (All rights reserved)
** This is freeware software (for non-commercial use)



[01/02/2023 12:24:33] [INFO] [NConvert] Sucessfully resized texture (ambl_bodydirt) to 50%!

[01/02/2023 12:24:34] [INFO] [NConvert] ** NCONVERT v7.80 (c) 1991-2021 Pierre-E Gougelet (Apr 27 2021/08:28:41) **
        Version for Windows NT/9x/2000/Xp/Vista/7  (All rights reserved)
** This is freeware software (for non-commercial use)



[01/02/2023 12:24:34] [INFO] [NConvert] Sucessfully resized texture (cavalvade_interior) to 50%!

[01/02/2023 12:24:36] [INFO] [NConvert] ** NCONVERT v7.80 (c) 1991-2021 Pierre-E Gougelet (Apr 27 2021/08:28:41) **
        Version for Windows NT/9x/2000/Xp/Vista/7  (All rights reserved)
** This is freeware software (for non-commercial use)



[01/02/2023 12:24:36] [INFO] [NConvert] Sucessfully resized texture (ambulanceskin_normal) to 50%!

[01/02/2023 12:24:37] [INFO] [NConvert] ** NCONVERT v7.80 (c) 1991-2021 Pierre-E Gougelet (Apr 27 2021/08:28:41) **
        Version for Windows NT/9x/2000/Xp/Vista/7  (All rights reserved)
** This is freeware software (for non-commercial use)



[01/02/2023 12:24:37] [INFO] [NConvert] Sucessfully resized texture (generic_cav_detail_pack) to 50%!

[01/02/2023 12:24:39] [INFO] [NConvert] ** NCONVERT v7.80 (c) 1991-2021 Pierre-E Gougelet (Apr 27 2021/08:28:41) **
        Version for Windows NT/9x/2000/Xp/Vista/7  (All rights reserved)
** This is freeware software (for non-commercial use)



[01/02/2023 12:24:39] [INFO] [NConvert] Sucessfully resized texture (ambulance6_sign_1) to 50%!

[01/02/2023 12:24:41] [INFO] [NConvert] ** NCONVERT v7.80 (c) 1991-2021 Pierre-E Gougelet (Apr 27 2021/08:28:41) **
        Version for Windows NT/9x/2000/Xp/Vista/7  (All rights reserved)
** This is freeware software (for non-commercial use)



[01/02/2023 12:24:41] [INFO] [NConvert] Sucessfully resized texture (ambulancemain) to 50%!

[01/02/2023 12:24:43] [INFO] [NConvert] ** NCONVERT v7.80 (c) 1991-2021 Pierre-E Gougelet (Apr 27 2021/08:28:41) **
        Version for Windows NT/9x/2000/Xp/Vista/7  (All rights reserved)
** This is freeware software (for non-commercial use)



[01/02/2023 12:24:43] [INFO] [NConvert] Sucessfully resized texture (ambulanceskin) to 50%!

[01/02/2023 12:24:43] [INFO] [CodeWalker] Resized texture dictionary (ytd) lsfd4.ytd.

[01/02/2023 12:24:51] [INFO] [NConvert] ** NCONVERT v7.80 (c) 1991-2021 Pierre-E Gougelet (Apr 27 2021/08:28:41) **
        Version for Windows NT/9x/2000/Xp/Vista/7  (All rights reserved)
** This is freeware software (for non-commercial use)



[01/02/2023 12:24:51] [INFO] [NConvert] Sucessfully resized texture (lsfd5_sign_1) to 50%!

[01/02/2023 12:24:52] [INFO] [NConvert] ** NCONVERT v7.80 (c) 1991-2021 Pierre-E Gougelet (Apr 27 2021/08:28:41) **
        Version for Windows NT/9x/2000/Xp/Vista/7  (All rights reserved)
** This is freeware software (for non-commercial use)



[01/02/2023 12:24:52] [INFO] [NConvert] Sucessfully resized texture (generic_cav_detail_dash) to 50%!

[01/02/2023 12:24:53] [INFO] [NConvert] ** NCONVERT v7.80 (c) 1991-2021 Pierre-E Gougelet (Apr 27 2021/08:28:41) **
        Version for Windows NT/9x/2000/Xp/Vista/7  (All rights reserved)
** This is freeware software (for non-commercial use)



[01/02/2023 12:24:53] [INFO] [NConvert] Sucessfully resized texture (cavalvade_interior) to 50%!

[01/02/2023 12:24:54] [INFO] [NConvert] ** NCONVERT v7.80 (c) 1991-2021 Pierre-E Gougelet (Apr 27 2021/08:28:41) **
        Version for Windows NT/9x/2000/Xp/Vista/7  (All rights reserved)
** This is freeware software (for non-commercial use)



[01/02/2023 12:24:54] [INFO] [NConvert] Sucessfully resized texture (generic_cav_detail_pack) to 50%!

[01/02/2023 12:24:54] [INFO] [CodeWalker] Resized texture dictionary (ytd) lsfd5.ytd.

[01/02/2023 12:24:57] [INFO] [NConvert] ** NCONVERT v7.80 (c) 1991-2021 Pierre-E Gougelet (Apr 27 2021/08:28:41) **
        Version for Windows NT/9x/2000/Xp/Vista/7  (All rights reserved)
** This is freeware software (for non-commercial use)



[01/02/2023 12:24:57] [INFO] [NConvert] Sucessfully resized texture (firetruck_detail) to 50%!

[01/02/2023 12:25:00] [INFO] [NConvert] ** NCONVERT v7.80 (c) 1991-2021 Pierre-E Gougelet (Apr 27 2021/08:28:41) **
        Version for Windows NT/9x/2000/Xp/Vista/7  (All rights reserved)
** This is freeware software (for non-commercial use)



[01/02/2023 12:25:00] [INFO] [NConvert] Sucessfully resized texture (firetruck_detail_spec) to 50%!

[01/02/2023 12:25:02] [INFO] [NConvert] ** NCONVERT v7.80 (c) 1991-2021 Pierre-E Gougelet (Apr 27 2021/08:28:41) **
        Version for Windows NT/9x/2000/Xp/Vista/7  (All rights reserved)
** This is freeware software (for non-commercial use)



[01/02/2023 12:25:02] [INFO] [NConvert] Sucessfully resized texture (firetruck_detail_normal) to 50%!

[01/02/2023 12:25:02] [INFO] [CodeWalker] Resized texture dictionary (ytd) lsfdtruck+hi.ytd.

[01/02/2023 12:25:06] [INFO] [NConvert] ** NCONVERT v7.80 (c) 1991-2021 Pierre-E Gougelet (Apr 27 2021/08:28:41) **
        Version for Windows NT/9x/2000/Xp/Vista/7  (All rights reserved)
** This is freeware software (for non-commercial use)



[01/02/2023 12:25:06] [INFO] [NConvert] Sucessfully resized texture (fire_sign_1) to 50%!

[01/02/2023 12:25:09] [INFO] [NConvert] ** NCONVERT v7.80 (c) 1991-2021 Pierre-E Gougelet (Apr 27 2021/08:28:41) **
        Version for Windows NT/9x/2000/Xp/Vista/7  (All rights reserved)
** This is freeware software (for non-commercial use)



[01/02/2023 12:25:09] [INFO] [NConvert] Sucessfully resized texture (fire_sign_2) to 50%!

[01/02/2023 12:25:12] [INFO] [NConvert] ** NCONVERT v7.80 (c) 1991-2021 Pierre-E Gougelet (Apr 27 2021/08:28:41) **
        Version for Windows NT/9x/2000/Xp/Vista/7  (All rights reserved)
** This is freeware software (for non-commercial use)



[01/02/2023 12:25:12] [INFO] [NConvert] Sucessfully resized texture (fire_sign_3) to 50%!

[01/02/2023 12:25:12] [INFO] [NConvert] ** NCONVERT v7.80 (c) 1991-2021 Pierre-E Gougelet (Apr 27 2021/08:28:41) **
        Version for Windows NT/9x/2000/Xp/Vista/7  (All rights reserved)
** This is freeware software (for non-commercial use)



[01/02/2023 12:25:12] [INFO] [NConvert] Sucessfully resized texture (firetruk_windows) to 50%!

[01/02/2023 12:25:12] [INFO] [CodeWalker] Resized texture dictionary (ytd) lsfdtruck.ytd.

[01/02/2023 12:25:15] [INFO] [NConvert] ** NCONVERT v7.80 (c) 1991-2021 Pierre-E Gougelet (Apr 27 2021/08:28:41) **
        Version for Windows NT/9x/2000/Xp/Vista/7  (All rights reserved)
** This is freeware software (for non-commercial use)



[01/02/2023 12:25:15] [INFO] [NConvert] Sucessfully resized texture (firetruck_detail) to 50%!

[01/02/2023 12:25:18] [INFO] [NConvert] ** NCONVERT v7.80 (c) 1991-2021 Pierre-E Gougelet (Apr 27 2021/08:28:41) **
        Version for Windows NT/9x/2000/Xp/Vista/7  (All rights reserved)
** This is freeware software (for non-commercial use)



[01/02/2023 12:25:18] [INFO] [NConvert] Sucessfully resized texture (firetruck_detail_spec) to 50%!

[01/02/2023 12:25:20] [INFO] [NConvert] ** NCONVERT v7.80 (c) 1991-2021 Pierre-E Gougelet (Apr 27 2021/08:28:41) **
        Version for Windows NT/9x/2000/Xp/Vista/7  (All rights reserved)
** This is freeware software (for non-commercial use)



[01/02/2023 12:25:20] [INFO] [NConvert] Sucessfully resized texture (firetruck_detail_normal) to 50%!

[01/02/2023 12:25:20] [INFO] [CodeWalker] Resized texture dictionary (ytd) lsfdtruck2+hi.ytd.

[01/02/2023 12:25:23] [INFO] [NConvert] ** NCONVERT v7.80 (c) 1991-2021 Pierre-E Gougelet (Apr 27 2021/08:28:41) **
        Version for Windows NT/9x/2000/Xp/Vista/7  (All rights reserved)
** This is freeware software (for non-commercial use)



[01/02/2023 12:25:23] [INFO] [NConvert] Sucessfully resized texture (prop_byard_dingy_v2) to 50%!

[01/02/2023 12:25:24] [INFO] [NConvert] ** NCONVERT v7.80 (c) 1991-2021 Pierre-E Gougelet (Apr 27 2021/08:28:41) **
        Version for Windows NT/9x/2000/Xp/Vista/7  (All rights reserved)
** This is freeware software (for non-commercial use)



[01/02/2023 12:25:24] [INFO] [NConvert] Sucessfully resized texture (fireutil_sign_1) to 50%!

[01/02/2023 12:25:25] [INFO] [NConvert] ** NCONVERT v7.80 (c) 1991-2021 Pierre-E Gougelet (Apr 27 2021/08:28:41) **
        Version for Windows NT/9x/2000/Xp/Vista/7  (All rights reserved)
** This is freeware software (for non-commercial use)



[01/02/2023 12:25:25] [INFO] [NConvert] Sucessfully resized texture (prop_byard_dingy_v2_n) to 50%!

[01/02/2023 12:25:27] [INFO] [NConvert] ** NCONVERT v7.80 (c) 1991-2021 Pierre-E Gougelet (Apr 27 2021/08:28:41) **
        Version for Windows NT/9x/2000/Xp/Vista/7  (All rights reserved)
** This is freeware software (for non-commercial use)



[01/02/2023 12:25:27] [INFO] [NConvert] Sucessfully resized texture (prop_byard_dingy_v2_s) to 50%!

[01/02/2023 12:25:27] [INFO] [CodeWalker] Resized texture dictionary (ytd) lsfdtruck2.ytd.

[01/02/2023 12:25:30] [INFO] [NConvert] ** NCONVERT v7.80 (c) 1991-2021 Pierre-E Gougelet (Apr 27 2021/08:28:41) **
        Version for Windows NT/9x/2000/Xp/Vista/7  (All rights reserved)
** This is freeware software (for non-commercial use)



[01/02/2023 12:25:30] [INFO] [NConvert] Sucessfully resized texture (firetruck_detail) to 50%!

[01/02/2023 12:25:33] [INFO] [NConvert] ** NCONVERT v7.80 (c) 1991-2021 Pierre-E Gougelet (Apr 27 2021/08:28:41) **
        Version for Windows NT/9x/2000/Xp/Vista/7  (All rights reserved)
** This is freeware software (for non-commercial use)



[01/02/2023 12:25:33] [INFO] [NConvert] Sucessfully resized texture (firetruck_detail_spec) to 50%!

[01/02/2023 12:25:35] [INFO] [NConvert] ** NCONVERT v7.80 (c) 1991-2021 Pierre-E Gougelet (Apr 27 2021/08:28:41) **
        Version for Windows NT/9x/2000/Xp/Vista/7  (All rights reserved)
** This is freeware software (for non-commercial use)



[01/02/2023 12:25:35] [INFO] [NConvert] Sucessfully resized texture (firetruck_detail_normal) to 50%!

[01/02/2023 12:25:35] [INFO] [CodeWalker] Resized texture dictionary (ytd) lsfdtruck3+hi.ytd.

[01/02/2023 12:25:36] [INFO] [NConvert] ** NCONVERT v7.80 (c) 1991-2021 Pierre-E Gougelet (Apr 27 2021/08:28:41) **
        Version for Windows NT/9x/2000/Xp/Vista/7  (All rights reserved)
** This is freeware software (for non-commercial use)



[01/02/2023 12:25:36] [INFO] [NConvert] Sucessfully resized texture (mtl_sign_1) to 50%!

[01/02/2023 12:25:37] [INFO] [NConvert] ** NCONVERT v7.80 (c) 1991-2021 Pierre-E Gougelet (Apr 27 2021/08:28:41) **
        Version for Windows NT/9x/2000/Xp/Vista/7  (All rights reserved)
** This is freeware software (for non-commercial use)



[01/02/2023 12:25:37] [INFO] [NConvert] Sucessfully resized texture (firetruk_windows) to 50%!

[01/02/2023 12:25:37] [INFO] [CodeWalker] Resized texture dictionary (ytd) lsfdtruck3.ytd.

[01/02/2023 12:25:37] [INFO] [CodeWalker] Unpacking cache\unpack\lsfd\dlc.rpf...

[01/02/2023 12:25:41] [INFO] [NConvert] ** NCONVERT v7.80 (c) 1991-2021 Pierre-E Gougelet (Apr 27 2021/08:28:41) **
        Version for Windows NT/9x/2000/Xp/Vista/7  (All rights reserved)
** This is freeware software (for non-commercial use)



[01/02/2023 12:25:41] [INFO] [NConvert] Sucessfully resized texture (stanier_sign_1) to 50%!

[01/02/2023 12:25:41] [INFO] [CodeWalker] Resized texture dictionary (ytd) lsfd.ytd.

[01/02/2023 12:25:44] [INFO] [NConvert] ** NCONVERT v7.80 (c) 1991-2021 Pierre-E Gougelet (Apr 27 2021/08:28:41) **
        Version for Windows NT/9x/2000/Xp/Vista/7  (All rights reserved)
** This is freeware software (for non-commercial use)



[01/02/2023 12:25:44] [INFO] [NConvert] Sucessfully resized texture (prop_byard_dingy_v2) to 50%!

[01/02/2023 12:25:46] [INFO] [NConvert] ** NCONVERT v7.80 (c) 1991-2021 Pierre-E Gougelet (Apr 27 2021/08:28:41) **
        Version for Windows NT/9x/2000/Xp/Vista/7  (All rights reserved)
** This is freeware software (for non-commercial use)



[01/02/2023 12:25:46] [INFO] [NConvert] Sucessfully resized texture (ambulancemain) to 50%!

[01/02/2023 12:25:48] [INFO] [NConvert] ** NCONVERT v7.80 (c) 1991-2021 Pierre-E Gougelet (Apr 27 2021/08:28:41) **
        Version for Windows NT/9x/2000/Xp/Vista/7  (All rights reserved)
** This is freeware software (for non-commercial use)



[01/02/2023 12:25:48] [INFO] [NConvert] Sucessfully resized texture (prop_byard_dingy_v2_n) to 50%!

[01/02/2023 12:25:50] [INFO] [NConvert] ** NCONVERT v7.80 (c) 1991-2021 Pierre-E Gougelet (Apr 27 2021/08:28:41) **
        Version for Windows NT/9x/2000/Xp/Vista/7  (All rights reserved)
** This is freeware software (for non-commercial use)



[01/02/2023 12:25:50] [INFO] [NConvert] Sucessfully resized texture (prop_byard_dingy_v2_s) to 50%!

[01/02/2023 12:25:57] [INFO] [NConvert] ** NCONVERT v7.80 (c) 1991-2021 Pierre-E Gougelet (Apr 27 2021/08:28:41) **
        Version for Windows NT/9x/2000/Xp/Vista/7  (All rights reserved)
** This is freeware software (for non-commercial use)



[01/02/2023 12:25:57] [INFO] [NConvert] Sucessfully resized texture (lsfd2_sign_1) to 50%!

[01/02/2023 12:25:58] [INFO] [CodeWalker] Resized texture dictionary (ytd) lsfd2.ytd.

[01/02/2023 12:26:00] [INFO] [NConvert] ** NCONVERT v7.80 (c) 1991-2021 Pierre-E Gougelet (Apr 27 2021/08:28:41) **
        Version for Windows NT/9x/2000/Xp/Vista/7  (All rights reserved)
** This is freeware software (for non-commercial use)



[01/02/2023 12:26:00] [INFO] [NConvert] Sucessfully resized texture (generic_cav_detail_dash) to 50%!

[01/02/2023 12:26:02] [INFO] [NConvert] ** NCONVERT v7.80 (c) 1991-2021 Pierre-E Gougelet (Apr 27 2021/08:28:41) **
        Version for Windows NT/9x/2000/Xp/Vista/7  (All rights reserved)
** This is freeware software (for non-commercial use)



[01/02/2023 12:26:02] [INFO] [NConvert] Sucessfully resized texture (lsfd3_sign_2) to 50%!

[01/02/2023 12:26:02] [INFO] [NConvert] ** NCONVERT v7.80 (c) 1991-2021 Pierre-E Gougelet (Apr 27 2021/08:28:41) **
        Version for Windows NT/9x/2000/Xp/Vista/7  (All rights reserved)
** This is freeware software (for non-commercial use)



[01/02/2023 12:26:02] [INFO] [NConvert] Sucessfully resized texture (cavalvade_interior) to 50%!

[01/02/2023 12:26:04] [INFO] [NConvert] ** NCONVERT v7.80 (c) 1991-2021 Pierre-E Gougelet (Apr 27 2021/08:28:41) **
        Version for Windows NT/9x/2000/Xp/Vista/7  (All rights reserved)
** This is freeware software (for non-commercial use)



[01/02/2023 12:26:04] [INFO] [NConvert] Sucessfully resized texture (lsfd3_sign_1) to 50%!

[01/02/2023 12:26:05] [INFO] [NConvert] ** NCONVERT v7.80 (c) 1991-2021 Pierre-E Gougelet (Apr 27 2021/08:28:41) **
        Version for Windows NT/9x/2000/Xp/Vista/7  (All rights reserved)
** This is freeware software (for non-commercial use)



[01/02/2023 12:26:05] [INFO] [NConvert] Sucessfully resized texture (generic_cav_detail_pack) to 50%!

[01/02/2023 12:26:07] [INFO] [NConvert] ** NCONVERT v7.80 (c) 1991-2021 Pierre-E Gougelet (Apr 27 2021/08:28:41) **
        Version for Windows NT/9x/2000/Xp/Vista/7  (All rights reserved)
** This is freeware software (for non-commercial use)



[01/02/2023 12:26:07] [INFO] [NConvert] Sucessfully resized texture (ambulancemain) to 50%!

[01/02/2023 12:26:07] [INFO] [CodeWalker] Resized texture dictionary (ytd) lsfd3.ytd.

[01/02/2023 12:26:10] [INFO] [NConvert] ** NCONVERT v7.80 (c) 1991-2021 Pierre-E Gougelet (Apr 27 2021/08:28:41) **
        Version for Windows NT/9x/2000/Xp/Vista/7  (All rights reserved)
** This is freeware software (for non-commercial use)



[01/02/2023 12:26:10] [INFO] [NConvert] Sucessfully resized texture (generic_cav_detail_dash) to 50%!

[01/02/2023 12:26:13] [INFO] [NConvert] ** NCONVERT v7.80 (c) 1991-2021 Pierre-E Gougelet (Apr 27 2021/08:28:41) **
        Version for Windows NT/9x/2000/Xp/Vista/7  (All rights reserved)
** This is freeware software (for non-commercial use)



[01/02/2023 12:26:13] [INFO] [NConvert] Sucessfully resized texture (ambl_bodydirt) to 50%!

[01/02/2023 12:26:14] [INFO] [NConvert] ** NCONVERT v7.80 (c) 1991-2021 Pierre-E Gougelet (Apr 27 2021/08:28:41) **
        Version for Windows NT/9x/2000/Xp/Vista/7  (All rights reserved)
** This is freeware software (for non-commercial use)



[01/02/2023 12:26:14] [INFO] [NConvert] Sucessfully resized texture (cavalvade_interior) to 50%!

[01/02/2023 12:26:16] [INFO] [NConvert] ** NCONVERT v7.80 (c) 1991-2021 Pierre-E Gougelet (Apr 27 2021/08:28:41) **
        Version for Windows NT/9x/2000/Xp/Vista/7  (All rights reserved)
** This is freeware software (for non-commercial use)



[01/02/2023 12:26:16] [INFO] [NConvert] Sucessfully resized texture (ambulanceskin_normal) to 50%!

[01/02/2023 12:26:17] [INFO] [NConvert] ** NCONVERT v7.80 (c) 1991-2021 Pierre-E Gougelet (Apr 27 2021/08:28:41) **
        Version for Windows NT/9x/2000/Xp/Vista/7  (All rights reserved)
** This is freeware software (for non-commercial use)



[01/02/2023 12:26:17] [INFO] [NConvert] Sucessfully resized texture (generic_cav_detail_pack) to 50%!

[01/02/2023 12:26:18] [INFO] [NConvert] ** NCONVERT v7.80 (c) 1991-2021 Pierre-E Gougelet (Apr 27 2021/08:28:41) **
        Version for Windows NT/9x/2000/Xp/Vista/7  (All rights reserved)
** This is freeware software (for non-commercial use)



[01/02/2023 12:26:18] [INFO] [NConvert] Sucessfully resized texture (ambulance6_sign_1) to 50%!

[01/02/2023 12:26:21] [INFO] [NConvert] ** NCONVERT v7.80 (c) 1991-2021 Pierre-E Gougelet (Apr 27 2021/08:28:41) **
        Version for Windows NT/9x/2000/Xp/Vista/7  (All rights reserved)
** This is freeware software (for non-commercial use)



[01/02/2023 12:26:21] [INFO] [NConvert] Sucessfully resized texture (ambulancemain) to 50%!

[01/02/2023 12:26:23] [INFO] [NConvert] ** NCONVERT v7.80 (c) 1991-2021 Pierre-E Gougelet (Apr 27 2021/08:28:41) **
        Version for Windows NT/9x/2000/Xp/Vista/7  (All rights reserved)
** This is freeware software (for non-commercial use)



[01/02/2023 12:26:23] [INFO] [NConvert] Sucessfully resized texture (ambulanceskin) to 50%!

[01/02/2023 12:26:23] [INFO] [CodeWalker] Resized texture dictionary (ytd) lsfd4.ytd.

[01/02/2023 12:26:30] [INFO] [NConvert] ** NCONVERT v7.80 (c) 1991-2021 Pierre-E Gougelet (Apr 27 2021/08:28:41) **
        Version for Windows NT/9x/2000/Xp/Vista/7  (All rights reserved)
** This is freeware software (for non-commercial use)



[01/02/2023 12:26:30] [INFO] [NConvert] Sucessfully resized texture (lsfd5_sign_1) to 50%!

[01/02/2023 12:26:31] [INFO] [NConvert] ** NCONVERT v7.80 (c) 1991-2021 Pierre-E Gougelet (Apr 27 2021/08:28:41) **
        Version for Windows NT/9x/2000/Xp/Vista/7  (All rights reserved)
** This is freeware software (for non-commercial use)



[01/02/2023 12:26:31] [INFO] [NConvert] Sucessfully resized texture (generic_cav_detail_dash) to 50%!

[01/02/2023 12:26:32] [INFO] [NConvert] ** NCONVERT v7.80 (c) 1991-2021 Pierre-E Gougelet (Apr 27 2021/08:28:41) **
        Version for Windows NT/9x/2000/Xp/Vista/7  (All rights reserved)
** This is freeware software (for non-commercial use)



[01/02/2023 12:26:32] [INFO] [NConvert] Sucessfully resized texture (cavalvade_interior) to 50%!

[01/02/2023 12:26:33] [INFO] [NConvert] ** NCONVERT v7.80 (c) 1991-2021 Pierre-E Gougelet (Apr 27 2021/08:28:41) **
        Version for Windows NT/9x/2000/Xp/Vista/7  (All rights reserved)
** This is freeware software (for non-commercial use)



[01/02/2023 12:26:33] [INFO] [NConvert] Sucessfully resized texture (generic_cav_detail_pack) to 50%!

[01/02/2023 12:26:33] [INFO] [CodeWalker] Resized texture dictionary (ytd) lsfd5.ytd.

[01/02/2023 12:26:36] [INFO] [NConvert] ** NCONVERT v7.80 (c) 1991-2021 Pierre-E Gougelet (Apr 27 2021/08:28:41) **
        Version for Windows NT/9x/2000/Xp/Vista/7  (All rights reserved)
** This is freeware software (for non-commercial use)



[01/02/2023 12:26:36] [INFO] [NConvert] Sucessfully resized texture (firetruck_detail) to 50%!

[01/02/2023 12:26:39] [INFO] [NConvert] ** NCONVERT v7.80 (c) 1991-2021 Pierre-E Gougelet (Apr 27 2021/08:28:41) **
        Version for Windows NT/9x/2000/Xp/Vista/7  (All rights reserved)
** This is freeware software (for non-commercial use)



[01/02/2023 12:26:39] [INFO] [NConvert] Sucessfully resized texture (firetruck_detail_spec) to 50%!

[01/02/2023 12:26:41] [INFO] [NConvert] ** NCONVERT v7.80 (c) 1991-2021 Pierre-E Gougelet (Apr 27 2021/08:28:41) **
        Version for Windows NT/9x/2000/Xp/Vista/7  (All rights reserved)
** This is freeware software (for non-commercial use)



[01/02/2023 12:26:41] [INFO] [NConvert] Sucessfully resized texture (firetruck_detail_normal) to 50%!

[01/02/2023 12:26:41] [INFO] [CodeWalker] Resized texture dictionary (ytd) lsfdtruck+hi.ytd.

[01/02/2023 12:26:45] [INFO] [NConvert] ** NCONVERT v7.80 (c) 1991-2021 Pierre-E Gougelet (Apr 27 2021/08:28:41) **
        Version for Windows NT/9x/2000/Xp/Vista/7  (All rights reserved)
** This is freeware software (for non-commercial use)



[01/02/2023 12:26:45] [INFO] [NConvert] Sucessfully resized texture (fire_sign_1) to 50%!

[01/02/2023 12:26:48] [INFO] [NConvert] ** NCONVERT v7.80 (c) 1991-2021 Pierre-E Gougelet (Apr 27 2021/08:28:41) **
        Version for Windows NT/9x/2000/Xp/Vista/7  (All rights reserved)
** This is freeware software (for non-commercial use)



[01/02/2023 12:26:48] [INFO] [NConvert] Sucessfully resized texture (fire_sign_2) to 50%!

[01/02/2023 12:26:50] [INFO] [NConvert] ** NCONVERT v7.80 (c) 1991-2021 Pierre-E Gougelet (Apr 27 2021/08:28:41) **
        Version for Windows NT/9x/2000/Xp/Vista/7  (All rights reserved)
** This is freeware software (for non-commercial use)



[01/02/2023 12:26:50] [INFO] [NConvert] Sucessfully resized texture (fire_sign_3) to 50%!

[01/02/2023 12:26:51] [INFO] [NConvert] ** NCONVERT v7.80 (c) 1991-2021 Pierre-E Gougelet (Apr 27 2021/08:28:41) **
        Version for Windows NT/9x/2000/Xp/Vista/7  (All rights reserved)
** This is freeware software (for non-commercial use)



[01/02/2023 12:26:51] [INFO] [NConvert] Sucessfully resized texture (firetruk_windows) to 50%!

[01/02/2023 12:26:51] [INFO] [CodeWalker] Resized texture dictionary (ytd) lsfdtruck.ytd.

[01/02/2023 12:26:54] [INFO] [NConvert] ** NCONVERT v7.80 (c) 1991-2021 Pierre-E Gougelet (Apr 27 2021/08:28:41) **
        Version for Windows NT/9x/2000/Xp/Vista/7  (All rights reserved)
** This is freeware software (for non-commercial use)



[01/02/2023 12:26:54] [INFO] [NConvert] Sucessfully resized texture (firetruck_detail) to 50%!

[01/02/2023 12:26:56] [INFO] [NConvert] ** NCONVERT v7.80 (c) 1991-2021 Pierre-E Gougelet (Apr 27 2021/08:28:41) **
        Version for Windows NT/9x/2000/Xp/Vista/7  (All rights reserved)
** This is freeware software (for non-commercial use)



[01/02/2023 12:26:56] [INFO] [NConvert] Sucessfully resized texture (firetruck_detail_spec) to 50%!

[01/02/2023 12:26:59] [INFO] [NConvert] ** NCONVERT v7.80 (c) 1991-2021 Pierre-E Gougelet (Apr 27 2021/08:28:41) **
        Version for Windows NT/9x/2000/Xp/Vista/7  (All rights reserved)
** This is freeware software (for non-commercial use)



[01/02/2023 12:26:59] [INFO] [NConvert] Sucessfully resized texture (firetruck_detail_normal) to 50%!

[01/02/2023 12:26:59] [INFO] [CodeWalker] Resized texture dictionary (ytd) lsfdtruck2+hi.ytd.

[01/02/2023 12:27:02] [INFO] [NConvert] ** NCONVERT v7.80 (c) 1991-2021 Pierre-E Gougelet (Apr 27 2021/08:28:41) **
        Version for Windows NT/9x/2000/Xp/Vista/7  (All rights reserved)
** This is freeware software (for non-commercial use)



[01/02/2023 12:27:02] [INFO] [NConvert] Sucessfully resized texture (prop_byard_dingy_v2) to 50%!

[01/02/2023 12:27:02] [INFO] [NConvert] ** NCONVERT v7.80 (c) 1991-2021 Pierre-E Gougelet (Apr 27 2021/08:28:41) **
        Version for Windows NT/9x/2000/Xp/Vista/7  (All rights reserved)
** This is freeware software (for non-commercial use)



[01/02/2023 12:27:02] [INFO] [NConvert] Sucessfully resized texture (fireutil_sign_1) to 50%!

[01/02/2023 12:27:03] [INFO] [NConvert] ** NCONVERT v7.80 (c) 1991-2021 Pierre-E Gougelet (Apr 27 2021/08:28:41) **
        Version for Windows NT/9x/2000/Xp/Vista/7  (All rights reserved)
** This is freeware software (for non-commercial use)



[01/02/2023 12:27:03] [INFO] [NConvert] Sucessfully resized texture (prop_byard_dingy_v2_n) to 50%!

[01/02/2023 12:27:06] [INFO] [NConvert] ** NCONVERT v7.80 (c) 1991-2021 Pierre-E Gougelet (Apr 27 2021/08:28:41) **
        Version for Windows NT/9x/2000/Xp/Vista/7  (All rights reserved)
** This is freeware software (for non-commercial use)



[01/02/2023 12:27:06] [INFO] [NConvert] Sucessfully resized texture (prop_byard_dingy_v2_s) to 50%!

[01/02/2023 12:27:06] [INFO] [CodeWalker] Resized texture dictionary (ytd) lsfdtruck2.ytd.

[01/02/2023 12:27:09] [INFO] [NConvert] ** NCONVERT v7.80 (c) 1991-2021 Pierre-E Gougelet (Apr 27 2021/08:28:41) **
        Version for Windows NT/9x/2000/Xp/Vista/7  (All rights reserved)
** This is freeware software (for non-commercial use)



[01/02/2023 12:27:09] [INFO] [NConvert] Sucessfully resized texture (firetruck_detail) to 50%!

[01/02/2023 12:27:12] [INFO] [NConvert] ** NCONVERT v7.80 (c) 1991-2021 Pierre-E Gougelet (Apr 27 2021/08:28:41) **
        Version for Windows NT/9x/2000/Xp/Vista/7  (All rights reserved)
** This is freeware software (for non-commercial use)



[01/02/2023 12:27:12] [INFO] [NConvert] Sucessfully resized texture (firetruck_detail_spec) to 50%!

[01/02/2023 12:27:14] [INFO] [NConvert] ** NCONVERT v7.80 (c) 1991-2021 Pierre-E Gougelet (Apr 27 2021/08:28:41) **
        Version for Windows NT/9x/2000/Xp/Vista/7  (All rights reserved)
** This is freeware software (for non-commercial use)



[01/02/2023 12:27:14] [INFO] [NConvert] Sucessfully resized texture (firetruck_detail_normal) to 50%!

[01/02/2023 12:27:14] [INFO] [CodeWalker] Resized texture dictionary (ytd) lsfdtruck3+hi.ytd.

[01/02/2023 12:27:15] [INFO] [NConvert] ** NCONVERT v7.80 (c) 1991-2021 Pierre-E Gougelet (Apr 27 2021/08:28:41) **
        Version for Windows NT/9x/2000/Xp/Vista/7  (All rights reserved)
** This is freeware software (for non-commercial use)



[01/02/2023 12:27:15] [INFO] [NConvert] Sucessfully resized texture (mtl_sign_1) to 50%!

[01/02/2023 12:27:16] [INFO] [NConvert] ** NCONVERT v7.80 (c) 1991-2021 Pierre-E Gougelet (Apr 27 2021/08:28:41) **
        Version for Windows NT/9x/2000/Xp/Vista/7  (All rights reserved)
** This is freeware software (for non-commercial use)



[01/02/2023 12:27:16] [INFO] [NConvert] Sucessfully resized texture (firetruk_windows) to 50%!

[01/02/2023 12:27:16] [INFO] [CodeWalker] Resized texture dictionary (ytd) lsfdtruck3.ytd.

[01/02/2023 12:27:16] [INFO] [CodeWalker] Unpacking cache\unpack\sp_glendalelimo\dlc.rpf...

[01/02/2023 12:27:16] [INFO] [CodeWalker] No textures were resized, skipping .ytd recreation.

[01/02/2023 12:27:17] [INFO] [Worker] Moving items from cache to resource folder.

[01/02/2023 12:27:22] [INFO] [Worker] Inflating cache\rpfunpack\carcols.meta

[01/02/2023 12:27:22] [INFO] [Worker] Inflating cache\rpfunpack\carvariations.meta

[01/02/2023 12:27:22] [INFO] [Worker] Inflating cache\rpfunpack\dlctext.meta

[01/02/2023 12:27:22] [INFO] [Worker] Inflating cache\rpfunpack\handling.meta

[01/02/2023 12:27:22] [INFO] [Worker] Inflating cache\rpfunpack\vehicles.meta

[01/02/2023 12:27:22] [INFO] [Worker] Inflating cache\rpfunpack\glendalelimo.yft

[01/02/2023 12:27:22] [INFO] [Worker] Fixing cache\rpfunpack\glendalelimo.yft...

[01/02/2023 12:27:22] [INFO] [Worker] Inflating cache\rpfunpack\glendalelimo_hi.yft

[01/02/2023 12:27:22] [INFO] [Worker] Fixing cache\rpfunpack\glendalelimo_hi.yft...

[01/02/2023 12:27:22] [INFO] [Worker] Inflating cache\rpfunpack\lsfd.yft

[01/02/2023 12:27:22] [INFO] [Worker] Fixing cache\rpfunpack\lsfd.yft...

[01/02/2023 12:27:22] [INFO] [Worker] Inflating cache\rpfunpack\lsfd2.yft

[01/02/2023 12:27:22] [INFO] [Worker] Fixing cache\rpfunpack\lsfd2.yft...

[01/02/2023 12:27:22] [INFO] [Worker] Inflating cache\rpfunpack\lsfd2_hi.yft

[01/02/2023 12:27:22] [INFO] [Worker] Fixing cache\rpfunpack\lsfd2_hi.yft...

[01/02/2023 12:27:22] [INFO] [Worker] Inflating cache\rpfunpack\lsfd3.yft

[01/02/2023 12:27:22] [INFO] [Worker] Fixing cache\rpfunpack\lsfd3.yft...

[01/02/2023 12:27:22] [INFO] [Worker] Inflating cache\rpfunpack\lsfd3_hi.yft

[01/02/2023 12:27:22] [INFO] [Worker] Fixing cache\rpfunpack\lsfd3_hi.yft...

[01/02/2023 12:27:22] [INFO] [Worker] Inflating cache\rpfunpack\lsfd4.yft

[01/02/2023 12:27:22] [INFO] [Worker] Fixing cache\rpfunpack\lsfd4.yft...

[01/02/2023 12:27:22] [INFO] [Worker] Inflating cache\rpfunpack\lsfd4_hi.yft

[01/02/2023 12:27:22] [INFO] [Worker] Fixing cache\rpfunpack\lsfd4_hi.yft...

[01/02/2023 12:27:22] [INFO] [Worker] Inflating cache\rpfunpack\lsfd5.yft

[01/02/2023 12:27:22] [INFO] [Worker] Fixing cache\rpfunpack\lsfd5.yft...

[01/02/2023 12:27:22] [INFO] [Worker] Inflating cache\rpfunpack\lsfd5_hi.yft

[01/02/2023 12:27:22] [INFO] [Worker] Fixing cache\rpfunpack\lsfd5_hi.yft...

[01/02/2023 12:27:22] [INFO] [Worker] Inflating cache\rpfunpack\lsfdtruck.yft

[01/02/2023 12:27:22] [INFO] [Worker] Fixing cache\rpfunpack\lsfdtruck.yft...

[01/02/2023 12:27:22] [INFO] [Worker] Inflating cache\rpfunpack\lsfdtruck2.yft

[01/02/2023 12:27:22] [INFO] [Worker] Fixing cache\rpfunpack\lsfdtruck2.yft...

[01/02/2023 12:27:22] [INFO] [Worker] Inflating cache\rpfunpack\lsfdtruck2_hi.yft

[01/02/2023 12:27:22] [INFO] [Worker] Fixing cache\rpfunpack\lsfdtruck2_hi.yft...

[01/02/2023 12:27:22] [INFO] [Worker] Inflating cache\rpfunpack\lsfdtruck3.yft

[01/02/2023 12:27:22] [INFO] [Worker] Fixing cache\rpfunpack\lsfdtruck3.yft...

[01/02/2023 12:27:22] [INFO] [Worker] Inflating cache\rpfunpack\lsfdtruck3_hi.yft

[01/02/2023 12:27:22] [INFO] [Worker] Fixing cache\rpfunpack\lsfdtruck3_hi.yft...

[01/02/2023 12:27:22] [INFO] [Worker] Inflating cache\rpfunpack\lsfdtruck_hi.yft

[01/02/2023 12:27:22] [INFO] [Worker] Fixing cache\rpfunpack\lsfdtruck_hi.yft...

[01/02/2023 12:27:22] [INFO] [Worker] Inflating cache\rpfunpack\lsfd_hi.yft

[01/02/2023 12:27:22] [INFO] [Worker] Fixing cache\rpfunpack\lsfd_hi.yft...

[01/02/2023 12:27:22] [INFO] [Worker] Inflating cache\rpfunpack\lsfd.ytd

[01/02/2023 12:27:22] [INFO] [Worker] Fixing cache\rpfunpack\lsfd.ytd...

[01/02/2023 12:27:22] [INFO] [Worker] Inflating cache\rpfunpack\lsfd2.ytd

[01/02/2023 12:27:22] [INFO] [Worker] Fixing cache\rpfunpack\lsfd2.ytd...

[01/02/2023 12:27:22] [INFO] [Worker] Inflating cache\rpfunpack\lsfd3.ytd

[01/02/2023 12:27:22] [INFO] [Worker] Fixing cache\rpfunpack\lsfd3.ytd...

[01/02/2023 12:27:22] [INFO] [Worker] Inflating cache\rpfunpack\lsfd4.ytd

[01/02/2023 12:27:22] [INFO] [Worker] Fixing cache\rpfunpack\lsfd4.ytd...

[01/02/2023 12:27:22] [INFO] [Worker] Inflating cache\rpfunpack\lsfd5.ytd

[01/02/2023 12:27:22] [INFO] [Worker] Fixing cache\rpfunpack\lsfd5.ytd...

[01/02/2023 12:27:22] [INFO] [Worker] Inflating cache\rpfunpack\lsfdtruck+hi.ytd

[01/02/2023 12:27:22] [INFO] [Worker] Fixing cache\rpfunpack\lsfdtruck+hi.ytd...

[01/02/2023 12:27:22] [INFO] [Worker] Inflating cache\rpfunpack\lsfdtruck.ytd

[01/02/2023 12:27:22] [INFO] [Worker] Fixing cache\rpfunpack\lsfdtruck.ytd...

[01/02/2023 12:27:22] [INFO] [Worker] Inflating cache\rpfunpack\lsfdtruck2+hi.ytd

[01/02/2023 12:27:22] [INFO] [Worker] Fixing cache\rpfunpack\lsfdtruck2+hi.ytd...

[01/02/2023 12:27:22] [INFO] [Worker] Inflating cache\rpfunpack\lsfdtruck2.ytd

[01/02/2023 12:27:22] [INFO] [Worker] Fixing cache\rpfunpack\lsfdtruck2.ytd...

[01/02/2023 12:27:22] [INFO] [Worker] Inflating cache\rpfunpack\lsfdtruck3+hi.ytd

[01/02/2023 12:27:22] [INFO] [Worker] Fixing cache\rpfunpack\lsfdtruck3+hi.ytd...

[01/02/2023 12:27:22] [INFO] [Worker] Inflating cache\rpfunpack\lsfdtruck3.ytd

[01/02/2023 12:27:22] [INFO] [Worker] Fixing cache\rpfunpack\lsfdtruck3.ytd...

[01/02/2023 12:27:22] [INFO] [Worker] Moving resource folder to /resources...

[01/02/2023 02:26:24] [INFO] [Worker] Setting up basic enviroment...

[01/02/2023 02:26:24] [INFO] [Worker] Setting up basic enviroment...

[01/02/2023 02:26:24] [INFO] [Worker] Created /cache directory.

[01/02/2023 02:26:24] [INFO] [Worker] Created /resources directory.

[01/02/2023 02:26:24] [INFO] [Worker] Start conversion process...

[01/02/2023 02:26:24] [INFO] [Worker] Setting up resource folder structure...

[01/02/2023 02:26:24] [INFO] [Worker] Created resource folder structure.

[01/02/2023 02:26:24] [INFO] [Worker] Fetching resource stream and data folders...

[01/02/2023 02:26:24] [INFO] [Worker] Downloading archive...

[01/02/2023 02:26:25] [INFO] [Worker] Moving archives to cache...

[01/02/2023 02:26:25] [INFO] [SharpCompress] Decompressing...

[01/02/2023 02:26:28] [INFO] [Worker] Removing leftover files from the archive...

[01/02/2023 02:26:28] [INFO] [CodeWalker] Searching for dlc.rpf...

[01/02/2023 02:26:28] [INFO] [CodeWalker] Unpacking cache\unpack\sp_glendalelimo\dlc.rpf...

[01/02/2023 02:26:28] [INFO] [CodeWalker] No textures were resized, skipping .ytd recreation.

[01/02/2023 02:26:28] [INFO] [Worker] Moving items from cache to resource folder.

[01/02/2023 02:26:33] [INFO] [Worker] Inflating cache\rpfunpack\carvariations.meta

[01/02/2023 02:26:33] [INFO] [Worker] Inflating cache\rpfunpack\dlctext.meta

[01/02/2023 02:26:33] [INFO] [Worker] Inflating cache\rpfunpack\handling.meta

[01/02/2023 02:26:33] [INFO] [Worker] Inflating cache\rpfunpack\vehicles.meta

[01/02/2023 02:26:33] [INFO] [Worker] Inflating cache\rpfunpack\glendalelimo.yft

[01/02/2023 02:26:33] [INFO] [Worker] Fixing cache\rpfunpack\glendalelimo.yft...

[01/02/2023 02:26:33] [INFO] [Worker] Inflating cache\rpfunpack\glendalelimo_hi.yft

[01/02/2023 02:26:33] [INFO] [Worker] Fixing cache\rpfunpack\glendalelimo_hi.yft...

[01/02/2023 02:26:33] [INFO] [Worker] Moving resource folder to /resources...

[01/02/2023 02:26:56] [INFO] [InputHandler] Combine Helpers switched off

[01/02/2023 02:27:14] [INFO] [Worker] Setting up basic enviroment...

[01/02/2023 02:27:14] [INFO] [Worker] Setting up basic enviroment...

[01/02/2023 02:27:14] [INFO] [Worker] Created /cache directory.

[01/02/2023 02:27:14] [INFO] [Worker] Created /resources directory.

[01/02/2023 02:27:14] [INFO] [Worker] Start conversion process...

[01/02/2023 02:27:14] [INFO] [Worker] Setting up resource folder structure...

[01/02/2023 02:27:14] [INFO] [Worker] Created resource folder structure.

[01/02/2023 02:27:14] [INFO] [Worker] Fetching resource stream and data folders...

[01/02/2023 02:27:14] [INFO] [Worker] Downloading archive...

[01/02/2023 02:27:15] [INFO] [Worker] Moving archives to cache...

[01/02/2023 02:27:15] [INFO] [SharpCompress] Decompressing...

[01/02/2023 02:27:18] [INFO] [Worker] Removing leftover files from the archive...

[01/02/2023 02:27:18] [INFO] [CodeWalker] Searching for dlc.rpf...

[01/02/2023 02:27:18] [INFO] [CodeWalker] Unpacking cache\unpack\sp_glendalelimo\dlc.rpf...

[01/02/2023 02:27:18] [INFO] [CodeWalker] No textures were resized, skipping .ytd recreation.

[01/02/2023 02:27:18] [INFO] [Worker] Moving items from cache to resource folder.

[01/02/2023 02:27:23] [INFO] [Worker] Inflating cache\rpfunpack\carvariations.meta

[01/02/2023 02:27:23] [INFO] [Worker] Inflating cache\rpfunpack\dlctext.meta

[01/02/2023 02:27:23] [INFO] [Worker] Inflating cache\rpfunpack\handling.meta

[01/02/2023 02:27:23] [INFO] [Worker] Inflating cache\rpfunpack\vehicles.meta

[01/02/2023 02:27:23] [INFO] [Worker] Inflating cache\rpfunpack\glendalelimo.yft

[01/02/2023 02:27:23] [INFO] [Worker] Fixing cache\rpfunpack\glendalelimo.yft...

[01/02/2023 02:27:23] [INFO] [Worker] Inflating cache\rpfunpack\glendalelimo_hi.yft

[01/02/2023 02:27:23] [INFO] [Worker] Fixing cache\rpfunpack\glendalelimo_hi.yft...

[01/02/2023 02:27:23] [INFO] [Worker] Moving resource folder to /resources...

