[02/21/2023 08:41:08] [INFO] rpf2fivem

[02/21/2023 08:41:08] [INFO] ---------------

[02/21/2023 08:41:08] [INFO] Developed by Avenzey#6184 (thanks to https://github.com/vscorpio for developing the original version!)

[02/21/2023 08:41:08] [INFO] GitHub repository: https://github.com/Avenze/rpf2fivem-repository

[02/21/2023 08:41:08] [INFO] Discord support: https://discord.gg/C4e4q6g

[02/21/2023 08:41:08] [INFO] Patreon: https://patreon.com/avenzey

[02/21/2023 08:41:08] [INFO] ---------------

[02/21/2023 08:41:08] [INFO] GTA5-Mods links must look like this: 

[02/21/2023 08:41:08] [INFO] https://files.gta5-mods.com/uploads/XXXCARNAMEXXXX/XXXCARNAMEXXXX.zip

[02/21/2023 08:41:08] [INFO] Links must be DIRECT link else they won't download!

[02/21/2023 08:41:12] [INFO] Job added!

[02/21/2023 08:41:19] [INFO] [Worker] Setting up basic enviroment...

[02/21/2023 08:41:19] [INFO] [Worker] Setting up basic enviroment...

[02/21/2023 08:41:19] [INFO] [Worker] Created /cache directory.

[02/21/2023 08:41:19] [INFO] [Worker] Created /resources directory.

[02/21/2023 08:41:19] [INFO] [Worker] Start conversion process...

[02/21/2023 08:41:19] [INFO] [Worker] Setting up resource folder structure...

[02/21/2023 08:41:19] [INFO] [Worker] Created resource folder structure.

[02/21/2023 08:41:19] [INFO] [Worker] Fetching resource stream and data folders...

[02/21/2023 08:41:19] [INFO] [Worker] Downloading archive...

[02/21/2023 08:41:21] [INFO] [Worker] Moving archives to cache...

[02/21/2023 08:41:21] [INFO] [SharpCompress] Decompressing...

[02/21/2023 08:41:22] [INFO] [SharpCompress] Found .RAR archive, decompressing...

[02/21/2023 08:41:25] [INFO] [Worker] Removing leftover files from the archive...

[02/21/2023 08:41:25] [INFO] [CodeWalker] Searching for dlc.rpf...

[02/21/2023 08:41:25] [INFO] [CodeWalker] Unpacking cache\unpack\sjamg\dlc.rpf...

[02/21/2023 08:41:27] [INFO] [NConvert] ** NCONVERT v7.80 (c) 1991-2021 Pierre-E Gougelet (Apr 27 2021/08:28:41) **
        Version for Windows NT/9x/2000/Xp/Vista/7  (All rights reserved)
** This is freeware software (for non-commercial use)



[02/21/2023 08:41:27] [INFO] [NConvert] Sucessfully resized texture (glass full) to 50%!

[02/21/2023 08:41:28] [INFO] [NConvert] ** NCONVERT v7.80 (c) 1991-2021 Pierre-E Gougelet (Apr 27 2021/08:28:41) **
        Version for Windows NT/9x/2000/Xp/Vista/7  (All rights reserved)
** This is freeware software (for non-commercial use)



[02/21/2023 08:41:28] [INFO] [NConvert] Sucessfully resized texture (e63_texal) to 50%!

[02/21/2023 08:41:30] [INFO] [NConvert] ** NCONVERT v7.80 (c) 1991-2021 Pierre-E Gougelet (Apr 27 2021/08:28:41) **
        Version for Windows NT/9x/2000/Xp/Vista/7  (All rights reserved)
** This is freeware software (for non-commercial use)



[02/21/2023 08:41:30] [INFO] [NConvert] Sucessfully resized texture (e63_lights) to 50%!

[02/21/2023 08:41:31] [INFO] [NConvert] ** NCONVERT v7.80 (c) 1991-2021 Pierre-E Gougelet (Apr 27 2021/08:28:41) **
        Version for Windows NT/9x/2000/Xp/Vista/7  (All rights reserved)
** This is freeware software (for non-commercial use)



[02/21/2023 08:41:31] [INFO] [NConvert] Sucessfully resized texture (e63_tex) to 50%!

[02/21/2023 08:41:34] [INFO] [NConvert] ** NCONVERT v7.80 (c) 1991-2021 Pierre-E Gougelet (Apr 27 2021/08:28:41) **
        Version for Windows NT/9x/2000/Xp/Vista/7  (All rights reserved)
** This is freeware software (for non-commercial use)



[02/21/2023 08:41:34] [INFO] [NConvert] Sucessfully resized texture (e63_engine) to 50%!

[02/21/2023 08:41:34] [INFO] [CodeWalker] Resized texture dictionary (ytd) sjamg.ytd.

[02/21/2023 08:41:35] [INFO] [Worker] Moving items from cache to resource folder.

[02/21/2023 08:41:40] [INFO] [Worker] Inflating cache\rpfunpack\carcols.meta

[02/21/2023 08:41:40] [INFO] [Worker] Inflating cache\rpfunpack\carvariations.meta

[02/21/2023 08:41:40] [INFO] [Worker] Inflating cache\rpfunpack\dlctext.meta

[02/21/2023 08:41:40] [INFO] [Worker] Inflating cache\rpfunpack\handling.meta

[02/21/2023 08:41:40] [INFO] [Worker] Inflating cache\rpfunpack\vehicles.meta

[02/21/2023 08:41:40] [INFO] [Worker] Inflating cache\rpfunpack\sjamg.yft

[02/21/2023 08:41:40] [INFO] [Worker] Fixing cache\rpfunpack\sjamg.yft...

[02/21/2023 08:41:40] [INFO] [Worker] Inflating cache\rpfunpack\sjamg_hi.yft

[02/21/2023 08:41:40] [INFO] [Worker] Fixing cache\rpfunpack\sjamg_hi.yft...

[02/21/2023 08:41:40] [INFO] [Worker] Inflating cache\rpfunpack\sjamg.ytd

[02/21/2023 08:41:40] [INFO] [Worker] Fixing cache\rpfunpack\sjamg.ytd...

[02/21/2023 08:41:40] [INFO] [Worker] Moving resource folder to /resources...

[02/21/2023 08:41:40] [INFO] [Worker] Conversion of vehicle 184153548 has finished, cleaning up...

